<?xml version="1.0" encoding="UTF-8"?>
<testsuite xmlns:xsi="http://www.w3.org/2001/XMLSchema-instance" xsi:schemaLocation="https://maven.apache.org/surefire/maven-surefire-plugin/xsd/surefire-test-report.xsd" name="com.mycompany.tddjunit5.airconditioner.AirConditioningSystemTest" time="2.623" tests="2" errors="0" skipped="0" failures="0">
  <properties>
[...]
</properties>
  <testcase name="testAirConditioningSystemStarted" classname="com.mycompany.tddjunit5.airconditioner.AirConditioningSystemTest" time="0.136"/>
  <testcase name="testAirConditioningSystemStopped" classname="com.mycompany.tddjunit5.airconditioner.AirConditioningSystemTest" time="0.006"/>
</testsuite>